# JRE version: Java(TM) SE Runtime Environment (8.0_111-b14) (build 1.8.0_111-b14)
# Java VM: Java HotSpot(TM) 64-Bit Server VM (25.111-b14 mixed mode windows-amd64 compressed oops)
Heap:
 PSYoungGen      total 232960K, used 69068K [0x00000000eab00000, 0x0000000100000000, 0x0000000100000000)
  eden space 116736K, 8% used [0x00000000eab00000,0x00000000eb41eef8,0x00000000f1d00000)
  from space 116224K, 51% used [0x00000000f8e80000,0x00000000fc8d4120,0x0000000100000000)
  to   space 116224K, 0% used [0x00000000f1d00000,0x00000000f1d00000,0x00000000f8e80000)
 ParOldGen       total 547840K, used 547623K [0x00000000c0000000, 0x00000000e1700000, 0x00000000eab00000)
  object space 547840K, 99% used [0x00000000c0000000,0x00000000e16c9d70,0x00000000e1700000)
 Metaspace       used 6335K, capacity 7256K, committed 7424K, reserved 1056768K
  class space    used 617K, capacity 656K, committed 768K, reserved 1048576K
GC Heap History (10 events):
Event: 14.227 GC heap before
{Heap before GC invocations=35 (full 2):
 PSYoungGen      total 232960K, used 215201K [0x00000000eab00000, 0x0000000100000000, 0x0000000100000000)
  eden space 116736K, 100% used [0x00000000eab00000,0x00000000f1d00000,0x00000000f1d00000)
  from space 116224K, 84% used [0x00000000f8e80000,0x00000000feea8498,0x0000000100000000)
  to   space 116224K, 0% used [0x00000000f1d00000,0x00000000f1d00000,0x00000000f8e80000)
 ParOldGen       total 547840K, used 440571K [0x00000000c0000000, 0x00000000e1700000, 0x00000000eab00000)
  object space 547840K, 80% used [0x00000000c0000000,0x00000000dae3ee68,0x00000000e1700000)
 Metaspace       used 6334K, capacity 7256K, committed 7424K, reserved 1056768K
  class space    used 617K, capacity 656K, committed 768K, reserved 1048576K
Event: 14.276 GC heap after
Heap after GC invocations=35 (full 2):
 PSYoungGen      total 232960K, used 102196K [0x00000000eab00000, 0x0000000100000000, 0x0000000100000000)
  eden space 116736K, 0% used [0x00000000eab00000,0x00000000eab00000,0x00000000f1d00000)
  from space 116224K, 87% used [0x00000000f1d00000,0x00000000f80cd208,0x00000000f8e80000)
  to   space 116224K, 0% used [0x00000000f8e80000,0x00000000f8e80000,0x0000000100000000)
 ParOldGen       total 547840K, used 455205K [0x00000000c0000000, 0x00000000e1700000, 0x00000000eab00000)
  object space 547840K, 83% used [0x00000000c0000000,0x00000000dbc895a8,0x00000000e1700000)
 Metaspace       used 6334K, capacity 7256K, committed 7424K, reserved 1056768K
  class space    used 617K, capacity 656K, committed 768K, reserved 1048576K
}
Event: 14.465 GC heap before
{Heap before GC invocations=36 (full 2):
 PSYoungGen      total 232960K, used 218932K [0x00000000eab00000, 0x0000000100000000, 0x0000000100000000)
  eden space 116736K, 100% used [0x00000000eab00000,0x00000000f1d00000,0x00000000f1d00000)
  from space 116224K, 87% used [0x00000000f1d00000,0x00000000f80cd208,0x00000000f8e80000)
  to   space 116224K, 0% used [0x00000000f8e80000,0x00000000f8e80000,0x0000000100000000)
 ParOldGen       total 547840K, used 455205K [0x00000000c0000000, 0x00000000e1700000, 0x00000000eab00000)
  object space 547840K, 83% used [0x00000000c0000000,0x00000000dbc895a8,0x00000000e1700000)
 Metaspace       used 6335K, capacity 7256K, committed 7424K, reserved 1056768K
  class space    used 617K, capacity 656K, committed 768K, reserved 1048576K
Event: 14.519 GC heap after
Heap after GC invocations=36 (full 2):
 PSYoungGen      total 232960K, used 105696K [0x00000000eab00000, 0x0000000100000000, 0x0000000100000000)
  eden space 116736K, 0% used [0x00000000eab00000,0x00000000eab00000,0x00000000f1d00000)
  from space 116224K, 90% used [0x00000000f8e80000,0x00000000ff5b8218,0x0000000100000000)
  to   space 116224K, 0% used [0x00000000f1d00000,0x00000000f1d00000,0x00000000f8e80000)
 ParOldGen       total 547840K, used 469839K [0x00000000c0000000, 0x00000000e1700000, 0x00000000eab00000)
  object space 547840K, 85% used [0x00000000c0000000,0x00000000dcad3fc0,0x00000000e1700000)
 Metaspace       used 6335K, capacity 7256K, committed 7424K, reserved 1056768K
  class space    used 617K, capacity 656K, committed 768K, reserved 1048576K
}
Event: 14.743 GC heap before
{Heap before GC invocations=37 (full 2):
 PSYoungGen      total 232960K, used 222432K [0x00000000eab00000, 0x0000000100000000, 0x0000000100000000)
  eden space 116736K, 100% used [0x00000000eab00000,0x00000000f1d00000,0x00000000f1d00000)
  from space 116224K, 90% used [0x00000000f8e80000,0x00000000ff5b8218,0x0000000100000000)
  to   space 116224K, 0% used [0x00000000f1d00000,0x00000000f1d00000,0x00000000f8e80000)
 ParOldGen       total 547840K, used 469839K [0x00000000c0000000, 0x00000000e1700000, 0x00000000eab00000)
  object space 547840K, 85% used [0x00000000c0000000,0x00000000dcad3fc0,0x00000000e1700000)
 Metaspace       used 6335K, capacity 7256K, committed 7424K, reserved 1056768K
  class space    used 617K, capacity 656K, committed 768K, reserved 1048576K
Event: 14.813 GC heap after
Heap after GC invocations=37 (full 2):
 PSYoungGen      total 232960K, used 93754K [0x00000000eab00000, 0x0000000100000000, 0x0000000100000000)
  eden space 116736K, 0% used [0x00000000eab00000,0x00000000eab00000,0x00000000f1d00000)
  from space 116224K, 80% used [0x00000000f1d00000,0x00000000f788e998,0x00000000f8e80000)
  to   space 116224K, 0% used [0x00000000f8e80000,0x00000000f8e80000,0x0000000100000000)
 ParOldGen       total 547840K, used 499682K [0x00000000c0000000, 0x00000000e1700000, 0x00000000eab00000)
  object space 547840K, 91% used [0x00000000c0000000,0x00000000de7f8870,0x00000000e1700000)
 Metaspace       used 6335K, capacity 7256K, committed 7424K, reserved 1056768K
  class space    used 617K, capacity 656K, committed 768K, reserved 1048576K
}
Event: 15.029 GC heap before
{Heap before GC invocations=38 (full 2):
 PSYoungGen      total 232960K, used 210490K [0x00000000eab00000, 0x0000000100000000, 0x0000000100000000)
  eden space 116736K, 100% used [0x00000000eab00000,0x00000000f1d00000,0x00000000f1d00000)
  from space 116224K, 80% used [0x00000000f1d00000,0x00000000f788e998,0x00000000f8e80000)
  to   space 116224K, 0% used [0x00000000f8e80000,0x00000000f8e80000,0x0000000100000000)
 ParOldGen       total 547840K, used 499682K [0x00000000c0000000, 0x00000000e1700000, 0x00000000eab00000)
  object space 547840K, 91% used [0x00000000c0000000,0x00000000de7f8870,0x00000000e1700000)
 Metaspace       used 6335K, capacity 7256K, committed 7424K, reserved 1056768K
  class space    used 617K, capacity 656K, committed 768K, reserved 1048576K
Event: 15.089 GC heap after
Heap after GC invocations=38 (full 2):
 PSYoungGen      total 232960K, used 71319K [0x00000000eab00000, 0x0000000100000000, 0x0000000100000000)
  eden space 116736K, 0% used [0x00000000eab00000,0x00000000eab00000,0x00000000f1d00000)
  from space 116224K, 61% used [0x00000000f8e80000,0x00000000fd425e38,0x0000000100000000)
  to   space 116224K, 0% used [0x00000000f1d00000,0x00000000f1d00000,0x00000000f8e80000)
 ParOldGen       total 547840K, used 538481K [0x00000000c0000000, 0x00000000e1700000, 0x00000000eab00000)
  object space 547840K, 98% used [0x00000000c0000000,0x00000000e0ddc7e0,0x00000000e1700000)
 Metaspace       used 6335K, capacity 7256K, committed 7424K, reserved 1056768K
  class space    used 617K, capacity 656K, committed 768K, reserved 1048576K
}
Event: 15.089 GC heap before
{Heap before GC invocations=39 (full 3):
 PSYoungGen      total 232960K, used 71319K [0x00000000eab00000, 0x0000000100000000, 0x0000000100000000)
  eden space 116736K, 0% used [0x00000000eab00000,0x00000000eab00000,0x00000000f1d00000)
  from space 116224K, 61% used [0x00000000f8e80000,0x00000000fd425e38,0x0000000100000000)
  to   space 116224K, 0% used [0x00000000f1d00000,0x00000000f1d00000,0x00000000f8e80000)
 ParOldGen       total 547840K, used 538481K [0x00000000c0000000, 0x00000000e1700000, 0x00000000eab00000)
  object space 547840K, 98% used [0x00000000c0000000,0x00000000e0ddc7e0,0x00000000e1700000)
 Metaspace       used 6335K, capacity 7256K, committed 7424K, reserved 1056768K
  class space    used 617K, capacity 656K, committed 768K, reserved 1048576K
Event: 17.890 GC heap after
Heap after GC invocations=39 (full 3):
 PSYoungGen      total 232960K, used 59728K [0x00000000eab00000, 0x0000000100000000, 0x0000000100000000)
  eden space 116736K, 0% used [0x00000000eab00000,0x00000000eab00000,0x00000000f1d00000)
  from space 116224K, 51% used [0x00000000f8e80000,0x00000000fc8d4120,0x0000000100000000)
  to   space 116224K, 0% used [0x00000000f1d00000,0x00000000f1d00000,0x00000000f8e80000)
 ParOldGen       total 547840K, used 547623K [0x00000000c0000000, 0x00000000e1700000, 0x00000000eab00000)
  object space 547840K, 99% used [0x00000000c0000000,0x00000000e16c9d70,0x00000000e1700000)
 Metaspace       used 6335K, capacity 7256K, committed 7424K, reserved 1056768K
  class space    used 617K, capacity 656K, committed 768K, reserved 1048576K
}

